[2023-05-03 21:52:35.446324]:[0x00007f1ba342c740]:[0x0000054b]:[debug]: Parsing config file
[2023-05-03 21:52:35.461329]:[0x00007f1ba342c740]:[0x0000054b]:[debug]: Config file parsed
[2023-05-03 21:52:35.462833]:[0x00007f1ba342c740]:[0x0000054b]:[debug]: Server started at port 80
[2023-05-03 21:52:44.816779]:[0x00007f1ba342c740]:[0x0000054b]:[trace]: GET /echo HTTP/1.1 - IP Address: 127.0.0.1
[2023-05-03 21:52:44.818659]:[0x00007f1ba342c740]:[0x0000054b]:[debug]: Echo Request Handler: /echo
[2023-05-03 21:52:44.820503]:[0x00007f1ba342c740]:[0x0000054b]:[debug]: Response code: 200
[2023-05-03 21:52:44.822204]:[0x00007f1ba342c740]:[0x0000054b]:[info]: Good request
[2023-05-03 21:52:44.824845]:[0x00007f1ba342c740]:[0x0000054b]:[debug]: session::handle_read: async_write
[2023-05-03 21:52:51.467722]:[0x00007f1ba342c740]:[0x0000054b]:[trace]: GET /nonexistent_path HTTP/1.1 - IP Address: 127.0.0.1
[2023-05-03 21:52:51.469638]:[0x00007f1ba342c740]:[0x0000054b]:[warning]: Bad Request -- Request handler not found
[2023-05-03 21:52:51.471589]:[0x00007f1ba342c740]:[0x0000054b]:[debug]: Response code: 400
[2023-05-03 21:53:03.371029]:[0x00007f1ba342c740]:[0x0000054b]:[trace]: GET /echo HTTP/1.1 - IP Address: 172.17.0.2
[2023-05-03 21:53:03.372840]:[0x00007f1ba342c740]:[0x0000054b]:[debug]: Echo Request Handler: /echo
[2023-05-03 21:53:03.374534]:[0x00007f1ba342c740]:[0x0000054b]:[debug]: Response code: 200
[2023-05-03 21:53:03.376200]:[0x00007f1ba342c740]:[0x0000054b]:[info]: Good request
[2023-05-03 21:53:03.377850]:[0x00007f1ba342c740]:[0x0000054b]:[debug]: session::handle_read: async_write
[2023-05-03 21:53:13.259131]:[0x00007f1ba342c740]:[0x0000054b]:[trace]: GET /static1/random.txt HTTP/1.1 - IP Address: 172.17.0.2
[2023-05-03 21:53:13.260818]:[0x00007f1ba342c740]:[0x0000054b]:[debug]: Static Request Handler Serving file: ../../folder1/random.txt
[2023-05-03 21:53:13.264220]:[0x00007f1ba342c740]:[0x0000054b]:[debug]: Response code: 200
[2023-05-03 21:53:13.265792]:[0x00007f1ba342c740]:[0x0000054b]:[info]: Good request
[2023-05-03 21:53:13.267800]:[0x00007f1ba342c740]:[0x0000054b]:[debug]: session::handle_read: async_write
[2023-05-03 21:53:33.357670]:[0x00007f1ba342c740]:[0x0000054b]:[trace]: GET /static1/nonexistent_file.txt HTTP/1.1 - IP Address: 172.17.0.2
[2023-05-03 21:53:33.360037]:[0x00007f1ba342c740]:[0x0000054b]:[debug]: Static Request Handler Serving file: ../../folder1/nonexistent_file.txt
[2023-05-03 21:53:33.363348]:[0x00007f1ba342c740]:[0x0000054b]:[info]: Bad request -- file not found
[2023-05-03 21:53:33.365097]:[0x00007f1ba342c740]:[0x0000054b]:[debug]: Response code: 404
[2023-05-03 21:53:33.367250]:[0x00007f1ba342c740]:[0x0000054b]:[debug]: session::handle_read: async_write
[2023-05-03 21:53:42.137875]:[0x00007f1ba342c740]:[0x0000054b]:[trace]: GET /static2/random_zipped.zip HTTP/1.1 - IP Address: 172.17.0.2
[2023-05-03 21:53:42.139680]:[0x00007f1ba342c740]:[0x0000054b]:[debug]: Static Request Handler Serving file: ../../folder2/random_zipped.zip
[2023-05-03 21:53:42.143282]:[0x00007f1ba342c740]:[0x0000054b]:[debug]: Response code: 200
[2023-05-03 21:53:42.145398]:[0x00007f1ba342c740]:[0x0000054b]:[info]: Good request
[2023-05-03 21:53:42.147285]:[0x00007f1ba342c740]:[0x0000054b]:[debug]: session::handle_read: async_write
[2023-05-03 21:53:47.996742]:[0x00007f1ba342c740]:[0x0000054b]:[trace]: GET /static2/random_zipped.zip HTTP/1.1 - IP Address: 127.0.0.1
[2023-05-03 21:53:47.998927]:[0x00007f1ba342c740]:[0x0000054b]:[debug]: Static Request Handler Serving file: ../../folder2/random_zipped.zip
[2023-05-03 21:53:48.002760]:[0x00007f1ba342c740]:[0x0000054b]:[debug]: Response code: 200
[2023-05-03 21:53:48.004721]:[0x00007f1ba342c740]:[0x0000054b]:[info]: Good request
[2023-05-03 21:53:48.007228]:[0x00007f1ba342c740]:[0x0000054b]:[debug]: session::handle_read: async_write
[2023-05-03 21:54:09.802044]:[0x00007f1ba342c740]:[0x0000054b]:[trace]: GET /static2/random_zipped.bad_file_desc HTTP/1.1 - IP Address: 127.0.0.1
[2023-05-03 21:54:09.803950]:[0x00007f1ba342c740]:[0x0000054b]:[debug]: Static Request Handler Serving file: ../../folder2/random_zipped.bad_file_desc
[2023-05-03 21:54:09.810949]:[0x00007f1ba342c740]:[0x0000054b]:[info]: Bad request -- file not found
[2023-05-03 21:54:09.813030]:[0x00007f1ba342c740]:[0x0000054b]:[debug]: Response code: 404
[2023-05-03 21:54:09.815422]:[0x00007f1ba342c740]:[0x0000054b]:[debug]: session::handle_read: async_write
[2023-05-03 21:54:18.559411]:[0x00007f1ba342c740]:[0x0000054b]:[trace]: GET /echo HTTP/1.1 - IP Address: 172.17.0.2
[2023-05-03 21:54:18.561230]:[0x00007f1ba342c740]:[0x0000054b]:[debug]: Echo Request Handler: /echo
[2023-05-03 21:54:18.563033]:[0x00007f1ba342c740]:[0x0000054b]:[debug]: Response code: 200
[2023-05-03 21:54:18.564552]:[0x00007f1ba342c740]:[0x0000054b]:[info]: Good request
[2023-05-03 21:54:18.566877]:[0x00007f1ba342c740]:[0x0000054b]:[debug]: session::handle_read: async_write
[2023-05-03 21:55:01.553646]:[0x00007f1ba342c740]:[0x0000054b]:[warning]: Server has terminated
